<?xml version="1.0" encoding="UTF-8"?>
<testng-results skipped="0" failed="0" total="1" passed="1">
  <reporter-output>
  </reporter-output>
  <suite name="Default suite" duration-ms="24267" started-at="2015-12-16T05:27:21Z" finished-at="2015-12-16T05:27:45Z">
    <groups>
    </groups>
    <test name="Default test" duration-ms="24267" started-at="2015-12-16T05:27:21Z" finished-at="2015-12-16T05:27:45Z">
      <class name="cn.gloryroad.TestLog4j">
        <test-method status="PASS" signature="beforeclass()[pri:0, instance:cn.gloryroad.TestLog4j@3184df1d]" name="beforeclass" is-config="true" duration-ms="678" started-at="2015-12-16T13:27:21Z" finished-at="2015-12-16T13:27:21Z">
          <reporter-output>
          </reporter-output>
        </test-method> <!-- beforeclass -->
        <test-method status="PASS" signature="beforeMethod()[pri:0, instance:cn.gloryroad.TestLog4j@3184df1d]" name="beforeMethod" is-config="true" duration-ms="15641" started-at="2015-12-16T13:27:21Z" finished-at="2015-12-16T13:27:37Z">
          <reporter-output>
          </reporter-output>
        </test-method> <!-- beforeMethod -->
        <test-method status="PASS" signature="testSearch()[pri:0, instance:cn.gloryroad.TestLog4j@3184df1d]" name="testSearch" duration-ms="5538" started-at="2015-12-16T13:27:37Z" finished-at="2015-12-16T13:27:42Z">
          <reporter-output>
          </reporter-output>
        </test-method> <!-- testSearch -->
        <test-method status="PASS" signature="afterMethod()[pri:0, instance:cn.gloryroad.TestLog4j@3184df1d]" name="afterMethod" is-config="true" duration-ms="2377" started-at="2015-12-16T13:27:42Z" finished-at="2015-12-16T13:27:45Z">
          <reporter-output>
          </reporter-output>
        </test-method> <!-- afterMethod -->
      </class> <!-- cn.gloryroad.TestLog4j -->
    </test> <!-- Default test -->
  </suite> <!-- Default suite -->
</testng-results>
