<?xml version="1.0" encoding="UTF-8"?>
<!-- Generated by org.testng.reporters.JUnitXMLReporter -->
<testsuite hostname="human-PC" name="Grouping" tests="5" failures="0" timestamp="28 Nov 2015 01:54:10 GMT" time="0.034" errors="0">
  <testcase name="cat" time="0.011" classname="cn.gloryroad.Grouping"/>
  <testcase name="dog" time="0.001" classname="cn.gloryroad.Grouping"/>
  <testcase name="feeder" time="0.0" classname="cn.gloryroad.Grouping"/>
  <testcase name="student" time="0.0" classname="cn.gloryroad.Grouping"/>
  <testcase name="teacher" time="0.001" classname="cn.gloryroad.Grouping"/>
</testsuite> <!-- Grouping -->
