<?xml version="1.0" encoding="UTF-8"?>
<!-- Generated by org.testng.reporters.JUnitXMLReporter -->
<testsuite hostname="human-PC" name="IETest" tests="1" failures="1" timestamp="29 Nov 2015 03:00:44 GMT" time="8.248" errors="0">
  <testcase name="testSogouSearch" time="5.242" classname="cn.gloryroad.MultipleBrowserSearchTest">
    <failure type="java.lang.AssertionError" message="expected [true] but found [false]">
      <![CDATA[java.lang.AssertionError: expected [true] but found [false]
	at cn.gloryroad.MultipleBrowserSearchTest.testSogouSearch(MultipleBrowserSearchTest.java:58)
	at java.util.concurrent.FutureTask.run(FutureTask.java:262)
	at java.util.concurrent.ThreadPoolExecutor.runWorker(ThreadPoolExecutor.java:1145)
	at java.util.concurrent.ThreadPoolExecutor$Worker.run(ThreadPoolExecutor.java:615)
	at java.lang.Thread.run(Thread.java:744)
... Removed 20 stack frames]]>
    </failure>
  </testcase> <!-- testSogouSearch -->
</testsuite> <!-- IETest -->
