<?xml version="1.0" encoding="UTF-8"?>
<!-- Generated by org.testng.reporters.JUnitXMLReporter -->
<testsuite hostname="human-PC" name="Test" tests="4" failures="0" timestamp="28 Nov 2015 01:19:33 GMT" time="14.853" errors="0">
  <testcase name="testSearch" time="2.447" classname="cn.gloryroad.FirstTestNGDemo"/>
  <testcase name="testSearch" time="2.254" classname="cn.gloryroad.TestBaidu"/>
  <testcase name="testCase1" time="0.001" classname="cn.gloryroad.Annotaiton"/>
  <testcase name="testCase2" time="0.0" classname="cn.gloryroad.Annotaiton"/>
</testsuite> <!-- Test -->
