<?xml version="1.0" encoding="UTF-8"?>
<!-- Generated by org.testng.reporters.JUnitXMLReporter -->
<testsuite hostname="d1-wenbing-zhu" name="Default test" tests="3" failures="0" timestamp="28 Dec 2015 05:14:28 GMT" time="47.121" errors="0">
  <testcase name="testSearch" time="9.807" classname="cn.gloryroad.TestDataDrivenByExcelFile"/>
  <testcase name="testSearch" time="5.782" classname="cn.gloryroad.TestDataDrivenByExcelFile"/>
  <testcase name="testSearch" time="11.714" classname="cn.gloryroad.TestDataDrivenByExcelFile"/>
</testsuite> <!-- Default test -->
