<?xml version="1.0" encoding="UTF-8"?>
<testng-results skipped="0" failed="0" total="1" passed="1">
  <reporter-output>
  </reporter-output>
  <suite name="Default suite" duration-ms="43005" started-at="2016-03-03T09:26:08Z" finished-at="2016-03-03T09:26:51Z">
    <groups>
    </groups>
    <test name="Default test" duration-ms="43005" started-at="2016-03-03T09:26:08Z" finished-at="2016-03-03T09:26:51Z">
      <class name="cn.gloryroad.testScript.TestSuiteByExcel">
        <test-method status="PASS" signature="BeforeClass()[pri:0, instance:cn.gloryroad.testScript.TestSuiteByExcel@7c3b761]" name="BeforeClass" is-config="true" duration-ms="140" started-at="2016-03-03T17:26:08Z" finished-at="2016-03-03T17:26:08Z">
          <reporter-output>
          </reporter-output>
        </test-method> <!-- BeforeClass -->
        <test-method status="PASS" signature="testTestSuite()[pri:0, instance:cn.gloryroad.testScript.TestSuiteByExcel@7c3b761]" name="testTestSuite" duration-ms="42865" started-at="2016-03-03T17:26:08Z" finished-at="2016-03-03T17:26:51Z">
          <reporter-output>
          </reporter-output>
        </test-method> <!-- testTestSuite -->
      </class> <!-- cn.gloryroad.testScript.TestSuiteByExcel -->
    </test> <!-- Default test -->
  </suite> <!-- Default suite -->
</testng-results>
