<?xml version="1.0" encoding="UTF-8"?>
<!-- Generated by org.testng.reporters.JUnitXMLReporter -->
<testsuite hostname="human-PC" name="FirefoxTest" tests="2" failures="0" timestamp="29 Aug 2016 15:36:24 GMT" time="61.941" errors="0">
  <testcase name="@BeforeClass beforeTest" time="0.0" classname="com.testseleniumbytestngparameter.TestSeleniumGridByTestNGParameter">
    <failure type="org.openqa.selenium.WebDriverException" message="Unable to connect to host 127.0.0.1 on port 7055 after 45000 ms. Firefox console output:
84943187	addons.xpi	DEBUG	Starting install of commonfix@mozillaonline.com from file:///C:/Program%20Files%20(x86)/Mozilla%20Firefox/distribution/myextensions/commonfix@mozillaonline.com.xpi
1472484943191	addons.xpi	DEBUG	Addon commonfix@mozillaonline.com will be installed as a packed xpi
1472484943212	addons.xpi	INFO	Mapping commonfix@mozillaonline.com to C:\Users\ADMINI~1\AppData\Local\Temp\anonymous3773905278256165436webdriver-profile\extensions\commonfix@mozillaonline.com.xpi
1472484943213	addons.xpi-utils	DEBUG	Make addon app-profile:commonfix@mozillaonline.com visible
1472484943213	DeferredSave.extensions.json	DEBUG	Save changes
1472484943213	DeferredSave.extensions.json	DEBUG	Save changes
1472484943215	addons.xpi	DEBUG	XPIStates adding add-on commonfix@mozillaonline.com in app-profile: C:\Users\ADMINI~1\AppData\Local\Temp\anonymous3773905278256165436webdriver-profile\extensions\commonfix@mozillaonline.com.xpi
1472484943215	addons.xpi	DEBUG	Updating XPIState for {&amp;quot;id&amp;quot;:&amp;quot;commonfix@mozillaonline.com&amp;quot;,&amp;quot;syncGUID&amp;quot;:&amp;quot;_8A7aD3QqNWw&amp;quot;,&amp;quot;location&amp;quot;:&amp;quot;app-profile&amp;quot;,&amp;quot;version&amp;quot;:&amp;quot;0.13&amp;quot;,&amp;quot;type&amp;quot;:&amp;quot;extension&amp;quot;,&amp;quot;internalName&amp;quot;:null,&amp;quot;updateURL&amp;quot;:&amp;quot;http://g-fox.cn/chinaedition/addons/commonfix/update.rdf?version=%ITEM_VERSION%&amp;quot;,&amp;quot;updateKey&amp;quot;:&amp;quot;MIGfMA0GCSqGSIb3DQEBAQUAA4GNADCBiQKBgQDeWvjaUcwQNMeAWcb1wdPKadNOUPB2Dp9/4SMWOshbJp7NcY+q46tt1rxwKJa+YVo7ohz5MxqWhxaQaAmEEhrUPIDNTvHEaBrpPMRXWGocSPd6reTvrncivMQpchW2wskMrYZUqtnslffxTKHvLuMnANzdzybzFkqaUDcYPbcEBwIDAQAB&amp;quot;,&amp;quot;optionsURL&amp;quot;:null,&amp;quot;optionsType&amp;quot;:null,&amp;quot;aboutURL&amp;quot;:null,&amp;quot;iconURL&amp;quot;:null,&amp;quot;icon64URL&amp;quot;:null,&amp;quot;defaultLocale&amp;quot;:{&amp;quot;name&amp;quot;:&amp;quot;鐏嫄淇宸ュ叿&amp;quot;,&amp;quot;description&amp;quot;:&amp;quot;璁╂偍鏂逛究鐨勪竴閿慨澶嶅ぇ閮ㄥ垎娴忚鍣ㄤ娇鐢ㄤ腑鐨勫父瑙侀棶棰橈紝涔熷彲浠ラ拡瀵规偍鎵�閬囧埌鐨勯棶棰橀�夋嫨鎵嬪姩淇銆佹垨鏄悜鎴戜滑鎶ュ憡闂鑾峰緱甯姪銆傜綉绔欐棤娉曠櫥褰曘�乫lash鎾斁宕╂簝銆佽繀闆蜂笅杞芥棤娉曞叧鑱旂瓑闂锛屽府鎮ㄥ揩閫熶慨澶嶃��&amp;quot;,&amp;quot;creator&amp;quot;:&amp;quot;Mozilla Online Ltd.&amp;quot;,&amp;quot;homepageURL&amp;quot;:&amp;quot;http://firefox.com.cn/&amp;quot;},&amp;quot;visible&amp;quot;:true,&amp;quot;active&amp;quot;:true,&amp;quot;userDisabled&amp;quot;:false,&amp;quot;appDisabled&amp;quot;:false,&amp;quot;descriptor&amp;quot;:&amp;quot;C:\\Users\\ADMINI~1\\AppData\\Local\\Temp\\anonymous3773905278256165436webdriver-profile\\extensions\\commonfix@mozillaonline.com.xpi&amp;quot;,&amp;quot;installDate&amp;quot;:1472484943186,&amp;quot;updateDate&amp;quot;:1472484943186,&amp;quot;applyBackgroundUpdates&amp;quot;:1,&amp;quot;bootstrap&amp;quot;:true,&amp;quot;size&amp;quot;:131376,&amp;quot;sourceURI&amp;quot;:&amp;quot;file:///C:/Program%20Files%20(x86)/Mozilla%20Firefox/distribution/myextensions/commonfix@mozillaonline.com.xpi&amp;quot;,&amp;quot;releaseNotesURI&amp;quot;:null,&amp;quot;softDisabled&amp;quot;:false,&amp;quot;foreignInstall&amp;quot;:false,&amp;quot;hasBinaryComponents&amp;quot;:false,&amp;quot;strictCompatibility&amp;quot;:false,&amp;quot;locales&amp;quot;:[],&amp;quot;targetApplications&amp;quot;:[{&amp;quot;id&amp;quot;:&amp;quot;{ec8030f7-c20a-464f-9b0e-13a3a9e97384}&amp;quot;,&amp;quot;minVersion&amp;quot;:&amp;quot;29.0&amp;quot;,&amp;quot;maxVersion&amp;quot;:&amp;quot;40.*&amp;quot;}],&amp;quot;targetPlatforms&amp;quot;:[{&amp;quot;os&amp;quot;:&amp;quot;WINNT&amp;quot;,&amp;quot;abi&amp;quot;:null}],&amp;quot;multiprocessCompatible&amp;quot;:false,&amp;quot;signedState&amp;quot;:1}
1472484943216	addons.xpi	DEBUG	getModTime: Recursive scan of commonfix@mozillaonline.com
1472484943216	DeferredSave.extensions.json	DEBUG	Save changes
1472484943216	DeferredSave.extensions.json	DEBUG	Save changes
1472484943218	addons.xpi	DEBUG	Loading bootstrap scope from C:\Users\ADMINI~1\AppData\Local\Temp\anonymous3773905278256165436webdriver-profile\extensions\commonfix@mozillaonline.com.xpi
1472484943224	addons.xpi	DEBUG	Calling bootstrap method install on commonfix@mozillaonline.com version 0.13
1472484943227	addons.xpi	DEBUG	Install of file:///C:/Program%20Files%20(x86)/Mozilla%20Firefox/distribution/myextensions/commonfix@mozillaonline.com.xpi completed.
1472484943229	addons.xpi	DEBUG	Registering manifest for C:\Users\ADMINI~1\AppData\Local\Temp\anonymous3773905278256165436webdriver-profile\extensions\commonfix@mozillaonline.com.xpi
1472484943231	addons.xpi	DEBUG	Calling bootstrap method startup on commonfix@mozillaonline.com version 0.13
1472484943270	DeferredSave.extensions.json	DEBUG	Starting timer
1472484943288	addons.xpi	DEBUG	removeTemporaryFile: file:///C:/Program%20Files%20(x86)/Mozilla%20Firefox/distribution/myextensions/commonfix@mozillaonline.com.xpi does not own temp file
1472484943512	DeferredSave.extensions.json	DEBUG	Starting write
1472484943618	DeferredSave.extensions.json	DEBUG	Write succeeded

Command duration or timeout: 61.54 seconds
Build info: version: &amp;apos;2.48.2&amp;apos;, revision: &amp;apos;41bccdd&amp;apos;, time: &amp;apos;2015-10-09 19:55:52&amp;apos;
System info: host: &amp;apos;human-PC&amp;apos;, ip: &amp;apos;192.168.0.100&amp;apos;, os.name: &amp;apos;Windows 7&amp;apos;, os.arch: &amp;apos;amd64&amp;apos;, os.version: &amp;apos;6.1&amp;apos;, java.version: &amp;apos;1.7.0_45&amp;apos;
Driver info: org.openqa.selenium.remote.RemoteWebDriver">
      <![CDATA[org.openqa.selenium.WebDriverException: Unable to connect to host 127.0.0.1 on port 7055 after 45000 ms. Firefox console output:
84943187	addons.xpi	DEBUG	Starting install of commonfix@mozillaonline.com from file:///C:/Program%20Files%20(x86)/Mozilla%20Firefox/distribution/myextensions/commonfix@mozillaonline.com.xpi
1472484943191	addons.xpi	DEBUG	Addon commonfix@mozillaonline.com will be installed as a packed xpi
1472484943212	addons.xpi	INFO	Mapping commonfix@mozillaonline.com to C:\Users\ADMINI~1\AppData\Local\Temp\anonymous3773905278256165436webdriver-profile\extensions\commonfix@mozillaonline.com.xpi
1472484943213	addons.xpi-utils	DEBUG	Make addon app-profile:commonfix@mozillaonline.com visible
1472484943213	DeferredSave.extensions.json	DEBUG	Save changes
1472484943213	DeferredSave.extensions.json	DEBUG	Save changes
1472484943215	addons.xpi	DEBUG	XPIStates adding add-on commonfix@mozillaonline.com in app-profile: C:\Users\ADMINI~1\AppData\Local\Temp\anonymous3773905278256165436webdriver-profile\extensions\commonfix@mozillaonline.com.xpi
1472484943215	addons.xpi	DEBUG	Updating XPIState for {"id":"commonfix@mozillaonline.com","syncGUID":"_8A7aD3QqNWw","location":"app-profile","version":"0.13","type":"extension","internalName":null,"updateURL":"http://g-fox.cn/chinaedition/addons/commonfix/update.rdf?version=%ITEM_VERSION%","updateKey":"MIGfMA0GCSqGSIb3DQEBAQUAA4GNADCBiQKBgQDeWvjaUcwQNMeAWcb1wdPKadNOUPB2Dp9/4SMWOshbJp7NcY+q46tt1rxwKJa+YVo7ohz5MxqWhxaQaAmEEhrUPIDNTvHEaBrpPMRXWGocSPd6reTvrncivMQpchW2wskMrYZUqtnslffxTKHvLuMnANzdzybzFkqaUDcYPbcEBwIDAQAB","optionsURL":null,"optionsType":null,"aboutURL":null,"iconURL":null,"icon64URL":null,"defaultLocale":{"name":"鐏嫄淇宸ュ叿","description":"璁╂偍鏂逛究鐨勪竴閿慨澶嶅ぇ閮ㄥ垎娴忚鍣ㄤ娇鐢ㄤ腑鐨勫父瑙侀棶棰橈紝涔熷彲浠ラ拡瀵规偍鎵�閬囧埌鐨勯棶棰橀�夋嫨鎵嬪姩淇銆佹垨鏄悜鎴戜滑鎶ュ憡闂鑾峰緱甯姪銆傜綉绔欐棤娉曠櫥褰曘�乫lash鎾斁宕╂簝銆佽繀闆蜂笅杞芥棤娉曞叧鑱旂瓑闂锛屽府鎮ㄥ揩閫熶慨澶嶃��","creator":"Mozilla Online Ltd.","homepageURL":"http://firefox.com.cn/"},"visible":true,"active":true,"userDisabled":false,"appDisabled":false,"descriptor":"C:\\Users\\ADMINI~1\\AppData\\Local\\Temp\\anonymous3773905278256165436webdriver-profile\\extensions\\commonfix@mozillaonline.com.xpi","installDate":1472484943186,"updateDate":1472484943186,"applyBackgroundUpdates":1,"bootstrap":true,"size":131376,"sourceURI":"file:///C:/Program%20Files%20(x86)/Mozilla%20Firefox/distribution/myextensions/commonfix@mozillaonline.com.xpi","releaseNotesURI":null,"softDisabled":false,"foreignInstall":false,"hasBinaryComponents":false,"strictCompatibility":false,"locales":[],"targetApplications":[{"id":"{ec8030f7-c20a-464f-9b0e-13a3a9e97384}","minVersion":"29.0","maxVersion":"40.*"}],"targetPlatforms":[{"os":"WINNT","abi":null}],"multiprocessCompatible":false,"signedState":1}
1472484943216	addons.xpi	DEBUG	getModTime: Recursive scan of commonfix@mozillaonline.com
1472484943216	DeferredSave.extensions.json	DEBUG	Save changes
1472484943216	DeferredSave.extensions.json	DEBUG	Save changes
1472484943218	addons.xpi	DEBUG	Loading bootstrap scope from C:\Users\ADMINI~1\AppData\Local\Temp\anonymous3773905278256165436webdriver-profile\extensions\commonfix@mozillaonline.com.xpi
1472484943224	addons.xpi	DEBUG	Calling bootstrap method install on commonfix@mozillaonline.com version 0.13
1472484943227	addons.xpi	DEBUG	Install of file:///C:/Program%20Files%20(x86)/Mozilla%20Firefox/distribution/myextensions/commonfix@mozillaonline.com.xpi completed.
1472484943229	addons.xpi	DEBUG	Registering manifest for C:\Users\ADMINI~1\AppData\Local\Temp\anonymous3773905278256165436webdriver-profile\extensions\commonfix@mozillaonline.com.xpi
1472484943231	addons.xpi	DEBUG	Calling bootstrap method startup on commonfix@mozillaonline.com version 0.13
1472484943270	DeferredSave.extensions.json	DEBUG	Starting timer
1472484943288	addons.xpi	DEBUG	removeTemporaryFile: file:///C:/Program%20Files%20(x86)/Mozilla%20Firefox/distribution/myextensions/commonfix@mozillaonline.com.xpi does not own temp file
1472484943512	DeferredSave.extensions.json	DEBUG	Starting write
1472484943618	DeferredSave.extensions.json	DEBUG	Write succeeded

Command duration or timeout: 61.54 seconds
Build info: version: '2.48.2', revision: '41bccdd', time: '2015-10-09 19:55:52'
System info: host: 'human-PC', ip: '192.168.0.100', os.name: 'Windows 7', os.arch: 'amd64', os.version: '6.1', java.version: '1.7.0_45'
Driver info: org.openqa.selenium.remote.RemoteWebDriver
	at org.openqa.selenium.remote.ErrorHandler.createThrowable(ErrorHandler.java:206)
	at org.openqa.selenium.remote.ErrorHandler.throwIfResponseFailed(ErrorHandler.java:158)
	at org.openqa.selenium.remote.RemoteWebDriver.execute(RemoteWebDriver.java:647)
	at org.openqa.selenium.remote.RemoteWebDriver.startSession(RemoteWebDriver.java:247)
	at org.openqa.selenium.remote.RemoteWebDriver.<init>(RemoteWebDriver.java:129)
	at org.openqa.selenium.remote.RemoteWebDriver.<init>(RemoteWebDriver.java:156)
	at com.testseleniumbytestngparameter.GetDriver.getRemoteFirefoxdriver(GetDriver.java:48)
	at com.testseleniumbytestngparameter.TestSeleniumGridByTestNGParameter.beforeTest(TestSeleniumGridByTestNGParameter.java:26)
	at java.util.concurrent.FutureTask.run(FutureTask.java:262)
	at java.util.concurrent.ThreadPoolExecutor.runWorker(ThreadPoolExecutor.java:1145)
	at java.util.concurrent.ThreadPoolExecutor$Worker.run(ThreadPoolExecutor.java:615)
	at java.lang.Thread.run(Thread.java:744)
Caused by: org.openqa.selenium.remote.ErrorHandler$UnknownServerException: Unable to connect to host 127.0.0.1 on port 7055 after 45000 ms. Firefox console output:
84943187	addons.xpi	DEBUG	Starting install of commonfix@mozillaonline.com from file:///C:/Program%20Files%20(x86)/Mozilla%20Firefox/distribution/myextensions/commonfix@mozillaonline.com.xpi
1472484943191	addons.xpi	DEBUG	Addon commonfix@mozillaonline.com will be installed as a packed xpi
1472484943212	addons.xpi	INFO	Mapping commonfix@mozillaonline.com to C:\Users\ADMINI~1\AppData\Local\Temp\anonymous3773905278256165436webdriver-profile\extensions\commonfix@mozillaonline.com.xpi
1472484943213	addons.xpi-utils	DEBUG	Make addon app-profile:commonfix@mozillaonline.com visible
1472484943213	DeferredSave.extensions.json	DEBUG	Save changes
1472484943213	DeferredSave.extensions.json	DEBUG	Save changes
1472484943215	addons.xpi	DEBUG	XPIStates adding add-on commonfix@mozillaonline.com in app-profile: C:\Users\ADMINI~1\AppData\Local\Temp\anonymous3773905278256165436webdriver-profile\extensions\commonfix@mozillaonline.com.xpi
1472484943215	addons.xpi	DEBUG	Updating XPIState for {"id":"commonfix@mozillaonline.com","syncGUID":"_8A7aD3QqNWw","location":"app-profile","version":"0.13","type":"extension","internalName":null,"updateURL":"http://g-fox.cn/chinaedition/addons/commonfix/update.rdf?version=%ITEM_VERSION%","updateKey":"MIGfMA0GCSqGSIb3DQEBAQUAA4GNADCBiQKBgQDeWvjaUcwQNMeAWcb1wdPKadNOUPB2Dp9/4SMWOshbJp7NcY+q46tt1rxwKJa+YVo7ohz5MxqWhxaQaAmEEhrUPIDNTvHEaBrpPMRXWGocSPd6reTvrncivMQpchW2wskMrYZUqtnslffxTKHvLuMnANzdzybzFkqaUDcYPbcEBwIDAQAB","optionsURL":null,"optionsType":null,"aboutURL":null,"iconURL":null,"icon64URL":null,"defaultLocale":{"name":"鐏嫄淇宸ュ叿","description":"璁╂偍鏂逛究鐨勪竴閿慨澶嶅ぇ閮ㄥ垎娴忚鍣ㄤ娇鐢ㄤ腑鐨勫父瑙侀棶棰橈紝涔熷彲浠ラ拡瀵规偍鎵�閬囧埌鐨勯棶棰橀�夋嫨鎵嬪姩淇銆佹垨鏄悜鎴戜滑鎶ュ憡闂鑾峰緱甯姪銆傜綉绔欐棤娉曠櫥褰曘�乫lash鎾斁宕╂簝銆佽繀闆蜂笅杞芥棤娉曞叧鑱旂瓑闂锛屽府鎮ㄥ揩閫熶慨澶嶃��","creator":"Mozilla Online Ltd.","homepageURL":"http://firefox.com.cn/"},"visible":true,"active":true,"userDisabled":false,"appDisabled":false,"descriptor":"C:\\Users\\ADMINI~1\\AppData\\Local\\Temp\\anonymous3773905278256165436webdriver-profile\\extensions\\commonfix@mozillaonline.com.xpi","installDate":1472484943186,"updateDate":1472484943186,"applyBackgroundUpdates":1,"bootstrap":true,"size":131376,"sourceURI":"file:///C:/Program%20Files%20(x86)/Mozilla%20Firefox/distribution/myextensions/commonfix@mozillaonline.com.xpi","releaseNotesURI":null,"softDisabled":false,"foreignInstall":false,"hasBinaryComponents":false,"strictCompatibility":false,"locales":[],"targetApplications":[{"id":"{ec8030f7-c20a-464f-9b0e-13a3a9e97384}","minVersion":"29.0","maxVersion":"40.*"}],"targetPlatforms":[{"os":"WINNT","abi":null}],"multiprocessCompatible":false,"signedState":1}
1472484943216	addons.xpi	DEBUG	getModTime: Recursive scan of commonfix@mozillaonline.com
1472484943216	DeferredSave.extensions.json	DEBUG	Save changes
1472484943216	DeferredSave.extensions.json	DEBUG	Save changes
1472484943218	addons.xpi	DEBUG	Loading bootstrap scope from C:\Users\ADMINI~1\AppData\Local\Temp\anonymous3773905278256165436webdriver-profile\extensions\commonfix@mozillaonline.com.xpi
1472484943224	addons.xpi	DEBUG	Calling bootstrap method install on commonfix@mozillaonline.com version 0.13
1472484943227	addons.xpi	DEBUG	Install of file:///C:/Program%20Files%20(x86)/Mozilla%20Firefox/distribution/myextensions/commonfix@mozillaonline.com.xpi completed.
1472484943229	addons.xpi	DEBUG	Registering manifest for C:\Users\ADMINI~1\AppData\Local\Temp\anonymous3773905278256165436webdriver-profile\extensions\commonfix@mozillaonline.com.xpi
1472484943231	addons.xpi	DEBUG	Calling bootstrap method startup on commonfix@mozillaonline.com version 0.13
1472484943270	DeferredSave.extensions.json	DEBUG	Starting timer
1472484943288	addons.xpi	DEBUG	removeTemporaryFile: file:///C:/Program%20Files%20(x86)/Mozilla%20Firefox/distribution/myextensions/commonfix@mozillaonline.com.xpi does not own temp file
1472484943512	DeferredSave.extensions.json	DEBUG	Starting write
1472484943618	DeferredSave.extensions.json	DEBUG	Write succeeded

Build info: version: '2.48.2', revision: '41bccdd', time: '2015-10-09 19:55:52'
System info: host: 'human-PC', ip: '192.168.0.100', os.name: 'Windows 7', os.arch: 'amd64', os.version: '6.1', java.version: '1.7.0_45'
Driver info: driver.version: FirefoxDriver
	at org.openqa.selenium.firefox.internal.NewProfileExtensionConnection.start(NewProfileExtensionConnection.java:118)
	at org.openqa.selenium.firefox.FirefoxDriver.startClient(FirefoxDriver.java:246)
	at org.openqa.selenium.remote.RemoteWebDriver.<init>(RemoteWebDriver.java:114)
	at org.openqa.selenium.firefox.FirefoxDriver.<init>(FirefoxDriver.java:193)
	at org.openqa.selenium.firefox.FirefoxDriver.<init>(FirefoxDriver.java:186)
	at org.openqa.selenium.firefox.FirefoxDriver.<init>(FirefoxDriver.java:104)
	at org.openqa.selenium.remote.server.DefaultDriverProvider.callConstructor(DefaultDriverProvider.java:59)
	at org.openqa.selenium.remote.server.DefaultDriverProvider.newInstance(DefaultDriverProvider.java:53)
	at org.openqa.selenium.remote.server.DefaultDriverFactory.newInstance(DefaultDriverFactory.java:54)
	at org.openqa.selenium.remote.server.DefaultSession$BrowserCreator.call(DefaultSession.java:214)
	at org.openqa.selenium.remote.server.DefaultSession$BrowserCreator.call(DefaultSession.java:1)
	at java.util.concurrent.FutureTask.run(Unknown Source)
	at org.openqa.selenium.remote.server.DefaultSession$1.run(DefaultSession.java:168)
	at java.util.concurrent.ThreadPoolExecutor.runWorker(Unknown Source)
	at java.util.concurrent.ThreadPoolExecutor$Worker.run(Unknown Source)
	at java.lang.Thread.run(Unknown Source)
... Removed 24 stack frames]]>
    </failure>
  </testcase> <!-- @BeforeClass beforeTest -->
  <testcase name="@AfterClass afterTest" time="0.0" classname="com.testseleniumbytestngparameter.TestSeleniumGridByTestNGParameter">
    <skipped/>
  </testcase> <!-- @AfterClass afterTest -->
  <testcase name="testSogouSearch1" time="0.001" classname="com.testseleniumbytestngparameter.TestSeleniumGridByTestNGParameter">
    <skipped/>
  </testcase> <!-- testSogouSearch1 -->
  <testcase name="testSogouSearch2" time="0.0" classname="com.testseleniumbytestngparameter.TestSeleniumGridByTestNGParameter">
    <skipped/>
  </testcase> <!-- testSogouSearch2 -->
</testsuite> <!-- FirefoxTest -->
