<!DOCTYPE html PUBLIC "-//W3C//DTD XHTML 1.1//EN" "http://www.w3.org/TR/xhtml11/DTD/xhtml11.dtd">
<html xmlns="http://www.w3.org/1999/xhtml"><head><title>TestNG Report</title><style type="text/css">table {margin-bottom:10px;border-collapse:collapse;empty-cells:show}th,td {border:1px solid #009;padding:.25em .5em}th {vertical-align:bottom}td {vertical-align:top}table a {font-weight:bold}.stripe td {background-color: #E6EBF9}.num {text-align:right}.passedodd td {background-color: #3F3}.passedeven td {background-color: #0A0}.skippedodd td {background-color: #DDD}.skippedeven td {background-color: #CCC}.failedodd td,.attn {background-color: #F33}.failedeven td,.stripe .attn {background-color: #D00}.stacktrace {white-space:pre;font-family:monospace}.totop {font-size:85%;text-align:center;border-bottom:2px solid #000}</style></head><body><table><tr><th>Test</th><th># Passed</th><th># Skipped</th><th># Failed</th><th>Time (ms)</th><th>Included Groups</th><th>Excluded Groups</th></tr><tr><th colspan="7">Suite1</th></tr><tr><td><a href="#t0">IETest</a></td><td class="num">1</td><td class="num">0</td><td class="num attn">1</td><td class="num">20,954</td><td></td><td></td></tr><tr class="stripe"><td><a href="#t1">ChromeTest</a></td><td class="num">0</td><td class="num">0</td><td class="num attn">2</td><td class="num">30,281</td><td></td><td></td></tr><tr><td><a href="#t2">FirefoxTest</a></td><td class="num">0</td><td class="num attn">2</td><td class="num">0</td><td class="num">61,941</td><td></td><td></td></tr><tr><th>Total</th><th class="num">1</th><th class="num attn">2</th><th class="num attn">3</th><th class="num">113,176</th><th colspan="2"></th></tr></table><table><thead><tr><th>Class</th><th>Method</th><th>Start</th><th>Time (ms)</th></tr></thead><tbody><tr><th colspan="4">Suite1</th></tr></tbody><tbody id="t0"><tr><th colspan="4">IETest &#8212; failed</th></tr><tr class="failedeven"><td rowspan="1">com.testseleniumbytestngparameter.TestSeleniumGridByTestNGParameter</td><td><a href="#m0">testSogouSearch2</a></td><td rowspan="1">1472484943926</td><td rowspan="1">1</td></tr><tr><th colspan="4">IETest &#8212; passed</th></tr><tr class="passedeven"><td rowspan="1">com.testseleniumbytestngparameter.TestSeleniumGridByTestNGParameter</td><td><a href="#m1">testSogouSearch1</a></td><td rowspan="1">1472484928807</td><td rowspan="1">15118</td></tr></tbody><tbody id="t1"><tr><th colspan="4">ChromeTest &#8212; failed</th></tr><tr class="failedeven"><td rowspan="2">com.testseleniumbytestngparameter.TestSeleniumGridByTestNGParameter</td><td><a href="#m2">testSogouSearch1</a></td><td rowspan="1">1472484927927</td><td rowspan="1">20058</td></tr><tr class="failedeven"><td><a href="#m3">testSogouSearch2</a></td><td rowspan="1">1472484947987</td><td rowspan="1">3831</td></tr></tbody><tbody id="t2"><tr><th colspan="4">FirefoxTest &#8212; failed (configuration methods)</th></tr><tr class="failedeven"><td rowspan="1">com.testseleniumbytestngparameter.TestSeleniumGridByTestNGParameter</td><td><a href="#m4">beforeTest</a></td><td rowspan="1">1472484922991</td><td rowspan="1">0</td></tr><tr><th colspan="4">FirefoxTest &#8212; skipped (configuration methods)</th></tr><tr class="skippedeven"><td rowspan="1">com.testseleniumbytestngparameter.TestSeleniumGridByTestNGParameter</td><td><a href="#m5">afterTest</a></td><td rowspan="1">1472484984924</td><td rowspan="1">0</td></tr><tr><th colspan="4">FirefoxTest &#8212; skipped</th></tr><tr class="skippedeven"><td rowspan="2">com.testseleniumbytestngparameter.TestSeleniumGridByTestNGParameter</td><td><a href="#m6">testSogouSearch1</a></td><td rowspan="1">1472484984921</td><td rowspan="1">1</td></tr><tr class="skippedeven"><td><a href="#m7">testSogouSearch2</a></td><td rowspan="1">1472484984923</td><td rowspan="1">0</td></tr></tbody></table><h2>IETest</h2><h3 id="m0">com.testseleniumbytestngparameter.TestSeleniumGridByTestNGParameter#testSogouSearch2</h3><table class="result"><tr><th>Exception</th></tr><tr><td><div class="stacktrace">org.openqa.selenium.remote.SessionNotFoundException: Session ID is null. Using WebDriver after calling quit()?
Build info: version: &apos;2.48.2&apos;, revision: &apos;41bccdd&apos;, time: &apos;2015-10-09 19:55:52&apos;
System info: host: &apos;human-PC&apos;, ip: &apos;192.168.0.100&apos;, os.name: &apos;Windows 7&apos;, os.arch: &apos;amd64&apos;, os.version: &apos;6.1&apos;, java.version: &apos;1.7.0_45&apos;
Driver info: driver.version: RemoteWebDriver
	at org.openqa.selenium.remote.HttpCommandExecutor.execute(HttpCommandExecutor.java:134)
	at org.openqa.selenium.remote.RemoteWebDriver.execute(RemoteWebDriver.java:620)
	at org.openqa.selenium.remote.RemoteWebDriver.get(RemoteWebDriver.java:311)
	at com.testseleniumbytestngparameter.TestSeleniumGridByTestNGParameter.testSogouSearch2(TestSeleniumGridByTestNGParameter.java:51)
	at java.util.concurrent.FutureTask.run(FutureTask.java:262)
	at java.util.concurrent.ThreadPoolExecutor.runWorker(ThreadPoolExecutor.java:1145)
	at java.util.concurrent.ThreadPoolExecutor$Worker.run(ThreadPoolExecutor.java:615)
	at java.lang.Thread.run(Thread.java:744)
... Removed 16 stack frames</div></td></tr></table><p class="totop"><a href="#summary">back to summary</a></p><h3 id="m1">com.testseleniumbytestngparameter.TestSeleniumGridByTestNGParameter#testSogouSearch1</h3><table class="result"></table><p class="totop"><a href="#summary">back to summary</a></p><h2>ChromeTest</h2><h3 id="m2">com.testseleniumbytestngparameter.TestSeleniumGridByTestNGParameter#testSogouSearch1</h3><table class="result"><tr><th>Exception</th></tr><tr><td><div class="stacktrace">java.lang.AssertionError: expected [true] but found [false]
	at com.testseleniumbytestngparameter.TestSeleniumGridByTestNGParameter.testSogouSearch1(TestSeleniumGridByTestNGParameter.java:44)
	at java.util.concurrent.FutureTask.run(FutureTask.java:262)
	at java.util.concurrent.ThreadPoolExecutor.runWorker(ThreadPoolExecutor.java:1145)
	at java.util.concurrent.ThreadPoolExecutor$Worker.run(ThreadPoolExecutor.java:615)
	at java.lang.Thread.run(Thread.java:744)
... Removed 20 stack frames</div></td></tr></table><p class="totop"><a href="#summary">back to summary</a></p><h3 id="m3">com.testseleniumbytestngparameter.TestSeleniumGridByTestNGParameter#testSogouSearch2</h3><table class="result"><tr><th>Exception</th></tr><tr><td><div class="stacktrace">java.lang.AssertionError: expected [true] but found [false]
	at com.testseleniumbytestngparameter.TestSeleniumGridByTestNGParameter.testSogouSearch2(TestSeleniumGridByTestNGParameter.java:57)
	at java.util.concurrent.FutureTask.run(FutureTask.java:262)
	at java.util.concurrent.ThreadPoolExecutor.runWorker(ThreadPoolExecutor.java:1145)
	at java.util.concurrent.ThreadPoolExecutor$Worker.run(ThreadPoolExecutor.java:615)
	at java.lang.Thread.run(Thread.java:744)
... Removed 20 stack frames</div></td></tr></table><p class="totop"><a href="#summary">back to summary</a></p><h2>FirefoxTest</h2><h3 id="m4">com.testseleniumbytestngparameter.TestSeleniumGridByTestNGParameter#beforeTest</h3><table class="result"><tr class="param"><th>Parameter #1</th><th>Parameter #2</th></tr><tr class="param stripe"><td>http://192.168.0.102:6655/wd/hub</td><td>firefox</td></tr><tr><th colspan="2">Exception</th></tr><tr><td colspan="2"><div class="stacktrace">org.openqa.selenium.WebDriverException: Unable to connect to host 127.0.0.1 on port 7055 after 45000 ms. Firefox console output:
84943187	addons.xpi	DEBUG	Starting install of commonfix@mozillaonline.com from file:///C:/Program%20Files%20(x86)/Mozilla%20Firefox/distribution/myextensions/commonfix@mozillaonline.com.xpi
1472484943191	addons.xpi	DEBUG	Addon commonfix@mozillaonline.com will be installed as a packed xpi
1472484943212	addons.xpi	INFO	Mapping commonfix@mozillaonline.com to C:\Users\ADMINI~1\AppData\Local\Temp\anonymous3773905278256165436webdriver-profile\extensions\commonfix@mozillaonline.com.xpi
1472484943213	addons.xpi-utils	DEBUG	Make addon app-profile:commonfix@mozillaonline.com visible
1472484943213	DeferredSave.extensions.json	DEBUG	Save changes
1472484943213	DeferredSave.extensions.json	DEBUG	Save changes
1472484943215	addons.xpi	DEBUG	XPIStates adding add-on commonfix@mozillaonline.com in app-profile: C:\Users\ADMINI~1\AppData\Local\Temp\anonymous3773905278256165436webdriver-profile\extensions\commonfix@mozillaonline.com.xpi
1472484943215	addons.xpi	DEBUG	Updating XPIState for {&quot;id&quot;:&quot;commonfix@mozillaonline.com&quot;,&quot;syncGUID&quot;:&quot;_8A7aD3QqNWw&quot;,&quot;location&quot;:&quot;app-profile&quot;,&quot;version&quot;:&quot;0.13&quot;,&quot;type&quot;:&quot;extension&quot;,&quot;internalName&quot;:null,&quot;updateURL&quot;:&quot;http://g-fox.cn/chinaedition/addons/commonfix/update.rdf?version=%ITEM_VERSION%&quot;,&quot;updateKey&quot;:&quot;MIGfMA0GCSqGSIb3DQEBAQUAA4GNADCBiQKBgQDeWvjaUcwQNMeAWcb1wdPKadNOUPB2Dp9/4SMWOshbJp7NcY+q46tt1rxwKJa+YVo7ohz5MxqWhxaQaAmEEhrUPIDNTvHEaBrpPMRXWGocSPd6reTvrncivMQpchW2wskMrYZUqtnslffxTKHvLuMnANzdzybzFkqaUDcYPbcEBwIDAQAB&quot;,&quot;optionsURL&quot;:null,&quot;optionsType&quot;:null,&quot;aboutURL&quot;:null,&quot;iconURL&quot;:null,&quot;icon64URL&quot;:null,&quot;defaultLocale&quot;:{&quot;name&quot;:&quot;ÁÅ´Áãê‰øÆÂ§çÂ∑•ÂÖ∑&quot;,&quot;description&quot;:&quot;ËÆ©ÊÇ®Êñπ‰æøÁöÑ‰∏ÄÈîÆ‰øÆÂ§çÂ§ßÈÉ®ÂàÜÊµèËßàÂô®‰ΩøÁî®‰∏≠ÁöÑÂ∏∏ËßÅÈóÆÈ¢òÔºå‰πüÂèØ‰ª•ÈíàÂØπÊÇ®Êâ?ÈÅáÂà∞ÁöÑÈóÆÈ¢òÈ?âÊã©ÊâãÂä®‰øÆÂ§ç„ÄÅÊàñÊòØÂêëÊàë‰ª¨Êä•ÂëäÈóÆÈ¢òËé∑ÂæóÂ∏ÆÂä©„ÄÇÁΩëÁ´ôÊó†Ê≥ïÁôªÂΩï„?ÅflashÊí≠ÊîæÂ¥©Ê∫É„ÄÅËøÖÈõ∑‰∏ãËΩΩÊó†Ê≥ïÂÖ≥ËÅîÁ≠âÈóÆÈ¢òÔºåÂ∏ÆÊÇ®Âø´ÈÄü‰øÆÂ§ç„??&quot;,&quot;creator&quot;:&quot;Mozilla Online Ltd.&quot;,&quot;homepageURL&quot;:&quot;http://firefox.com.cn/&quot;},&quot;visible&quot;:true,&quot;active&quot;:true,&quot;userDisabled&quot;:false,&quot;appDisabled&quot;:false,&quot;descriptor&quot;:&quot;C:\\Users\\ADMINI~1\\AppData\\Local\\Temp\\anonymous3773905278256165436webdriver-profile\\extensions\\commonfix@mozillaonline.com.xpi&quot;,&quot;installDate&quot;:1472484943186,&quot;updateDate&quot;:1472484943186,&quot;applyBackgroundUpdates&quot;:1,&quot;bootstrap&quot;:true,&quot;size&quot;:131376,&quot;sourceURI&quot;:&quot;file:///C:/Program%20Files%20(x86)/Mozilla%20Firefox/distribution/myextensions/commonfix@mozillaonline.com.xpi&quot;,&quot;releaseNotesURI&quot;:null,&quot;softDisabled&quot;:false,&quot;foreignInstall&quot;:false,&quot;hasBinaryComponents&quot;:false,&quot;strictCompatibility&quot;:false,&quot;locales&quot;:[],&quot;targetApplications&quot;:[{&quot;id&quot;:&quot;{ec8030f7-c20a-464f-9b0e-13a3a9e97384}&quot;,&quot;minVersion&quot;:&quot;29.0&quot;,&quot;maxVersion&quot;:&quot;40.*&quot;}],&quot;targetPlatforms&quot;:[{&quot;os&quot;:&quot;WINNT&quot;,&quot;abi&quot;:null}],&quot;multiprocessCompatible&quot;:false,&quot;signedState&quot;:1}
1472484943216	addons.xpi	DEBUG	getModTime: Recursive scan of commonfix@mozillaonline.com
1472484943216	DeferredSave.extensions.json	DEBUG	Save changes
1472484943216	DeferredSave.extensions.json	DEBUG	Save changes
1472484943218	addons.xpi	DEBUG	Loading bootstrap scope from C:\Users\ADMINI~1\AppData\Local\Temp\anonymous3773905278256165436webdriver-profile\extensions\commonfix@mozillaonline.com.xpi
1472484943224	addons.xpi	DEBUG	Calling bootstrap method install on commonfix@mozillaonline.com version 0.13
1472484943227	addons.xpi	DEBUG	Install of file:///C:/Program%20Files%20(x86)/Mozilla%20Firefox/distribution/myextensions/commonfix@mozillaonline.com.xpi completed.
1472484943229	addons.xpi	DEBUG	Registering manifest for C:\Users\ADMINI~1\AppData\Local\Temp\anonymous3773905278256165436webdriver-profile\extensions\commonfix@mozillaonline.com.xpi
1472484943231	addons.xpi	DEBUG	Calling bootstrap method startup on commonfix@mozillaonline.com version 0.13
1472484943270	DeferredSave.extensions.json	DEBUG	Starting timer
1472484943288	addons.xpi	DEBUG	removeTemporaryFile: file:///C:/Program%20Files%20(x86)/Mozilla%20Firefox/distribution/myextensions/commonfix@mozillaonline.com.xpi does not own temp file
1472484943512	DeferredSave.extensions.json	DEBUG	Starting write
1472484943618	DeferredSave.extensions.json	DEBUG	Write succeeded

Command duration or timeout: 61.54 seconds
Build info: version: &apos;2.48.2&apos;, revision: &apos;41bccdd&apos;, time: &apos;2015-10-09 19:55:52&apos;
System info: host: &apos;human-PC&apos;, ip: &apos;192.168.0.100&apos;, os.name: &apos;Windows 7&apos;, os.arch: &apos;amd64&apos;, os.version: &apos;6.1&apos;, java.version: &apos;1.7.0_45&apos;
Driver info: org.openqa.selenium.remote.RemoteWebDriver
	at org.openqa.selenium.remote.ErrorHandler.createThrowable(ErrorHandler.java:206)
	at org.openqa.selenium.remote.ErrorHandler.throwIfResponseFailed(ErrorHandler.java:158)
	at org.openqa.selenium.remote.RemoteWebDriver.execute(RemoteWebDriver.java:647)
	at org.openqa.selenium.remote.RemoteWebDriver.startSession(RemoteWebDriver.java:247)
	at org.openqa.selenium.remote.RemoteWebDriver.&lt;init&gt;(RemoteWebDriver.java:129)
	at org.openqa.selenium.remote.RemoteWebDriver.&lt;init&gt;(RemoteWebDriver.java:156)
	at com.testseleniumbytestngparameter.GetDriver.getRemoteFirefoxdriver(GetDriver.java:48)
	at com.testseleniumbytestngparameter.TestSeleniumGridByTestNGParameter.beforeTest(TestSeleniumGridByTestNGParameter.java:26)
	at java.util.concurrent.FutureTask.run(FutureTask.java:262)
	at java.util.concurrent.ThreadPoolExecutor.runWorker(ThreadPoolExecutor.java:1145)
	at java.util.concurrent.ThreadPoolExecutor$Worker.run(ThreadPoolExecutor.java:615)
	at java.lang.Thread.run(Thread.java:744)
Caused by: org.openqa.selenium.remote.ErrorHandler$UnknownServerException: Unable to connect to host 127.0.0.1 on port 7055 after 45000 ms. Firefox console output:
84943187	addons.xpi	DEBUG	Starting install of commonfix@mozillaonline.com from file:///C:/Program%20Files%20(x86)/Mozilla%20Firefox/distribution/myextensions/commonfix@mozillaonline.com.xpi
1472484943191	addons.xpi	DEBUG	Addon commonfix@mozillaonline.com will be installed as a packed xpi
1472484943212	addons.xpi	INFO	Mapping commonfix@mozillaonline.com to C:\Users\ADMINI~1\AppData\Local\Temp\anonymous3773905278256165436webdriver-profile\extensions\commonfix@mozillaonline.com.xpi
1472484943213	addons.xpi-utils	DEBUG	Make addon app-profile:commonfix@mozillaonline.com visible
1472484943213	DeferredSave.extensions.json	DEBUG	Save changes
1472484943213	DeferredSave.extensions.json	DEBUG	Save changes
1472484943215	addons.xpi	DEBUG	XPIStates adding add-on commonfix@mozillaonline.com in app-profile: C:\Users\ADMINI~1\AppData\Local\Temp\anonymous3773905278256165436webdriver-profile\extensions\commonfix@mozillaonline.com.xpi
1472484943215	addons.xpi	DEBUG	Updating XPIState for {&quot;id&quot;:&quot;commonfix@mozillaonline.com&quot;,&quot;syncGUID&quot;:&quot;_8A7aD3QqNWw&quot;,&quot;location&quot;:&quot;app-profile&quot;,&quot;version&quot;:&quot;0.13&quot;,&quot;type&quot;:&quot;extension&quot;,&quot;internalName&quot;:null,&quot;updateURL&quot;:&quot;http://g-fox.cn/chinaedition/addons/commonfix/update.rdf?version=%ITEM_VERSION%&quot;,&quot;updateKey&quot;:&quot;MIGfMA0GCSqGSIb3DQEBAQUAA4GNADCBiQKBgQDeWvjaUcwQNMeAWcb1wdPKadNOUPB2Dp9/4SMWOshbJp7NcY+q46tt1rxwKJa+YVo7ohz5MxqWhxaQaAmEEhrUPIDNTvHEaBrpPMRXWGocSPd6reTvrncivMQpchW2wskMrYZUqtnslffxTKHvLuMnANzdzybzFkqaUDcYPbcEBwIDAQAB&quot;,&quot;optionsURL&quot;:null,&quot;optionsType&quot;:null,&quot;aboutURL&quot;:null,&quot;iconURL&quot;:null,&quot;icon64URL&quot;:null,&quot;defaultLocale&quot;:{&quot;name&quot;:&quot;ÁÅ´Áãê‰øÆÂ§çÂ∑•ÂÖ∑&quot;,&quot;description&quot;:&quot;ËÆ©ÊÇ®Êñπ‰æøÁöÑ‰∏ÄÈîÆ‰øÆÂ§çÂ§ßÈÉ®ÂàÜÊµèËßàÂô®‰ΩøÁî®‰∏≠ÁöÑÂ∏∏ËßÅÈóÆÈ¢òÔºå‰πüÂèØ‰ª•ÈíàÂØπÊÇ®Êâ?ÈÅáÂà∞ÁöÑÈóÆÈ¢òÈ?âÊã©ÊâãÂä®‰øÆÂ§ç„ÄÅÊàñÊòØÂêëÊàë‰ª¨Êä•ÂëäÈóÆÈ¢òËé∑ÂæóÂ∏ÆÂä©„ÄÇÁΩëÁ´ôÊó†Ê≥ïÁôªÂΩï„?ÅflashÊí≠ÊîæÂ¥©Ê∫É„ÄÅËøÖÈõ∑‰∏ãËΩΩÊó†Ê≥ïÂÖ≥ËÅîÁ≠âÈóÆÈ¢òÔºåÂ∏ÆÊÇ®Âø´ÈÄü‰øÆÂ§ç„??&quot;,&quot;creator&quot;:&quot;Mozilla Online Ltd.&quot;,&quot;homepageURL&quot;:&quot;http://firefox.com.cn/&quot;},&quot;visible&quot;:true,&quot;active&quot;:true,&quot;userDisabled&quot;:false,&quot;appDisabled&quot;:false,&quot;descriptor&quot;:&quot;C:\\Users\\ADMINI~1\\AppData\\Local\\Temp\\anonymous3773905278256165436webdriver-profile\\extensions\\commonfix@mozillaonline.com.xpi&quot;,&quot;installDate&quot;:1472484943186,&quot;updateDate&quot;:1472484943186,&quot;applyBackgroundUpdates&quot;:1,&quot;bootstrap&quot;:true,&quot;size&quot;:131376,&quot;sourceURI&quot;:&quot;file:///C:/Program%20Files%20(x86)/Mozilla%20Firefox/distribution/myextensions/commonfix@mozillaonline.com.xpi&quot;,&quot;releaseNotesURI&quot;:null,&quot;softDisabled&quot;:false,&quot;foreignInstall&quot;:false,&quot;hasBinaryComponents&quot;:false,&quot;strictCompatibility&quot;:false,&quot;locales&quot;:[],&quot;targetApplications&quot;:[{&quot;id&quot;:&quot;{ec8030f7-c20a-464f-9b0e-13a3a9e97384}&quot;,&quot;minVersion&quot;:&quot;29.0&quot;,&quot;maxVersion&quot;:&quot;40.*&quot;}],&quot;targetPlatforms&quot;:[{&quot;os&quot;:&quot;WINNT&quot;,&quot;abi&quot;:null}],&quot;multiprocessCompatible&quot;:false,&quot;signedState&quot;:1}
1472484943216	addons.xpi	DEBUG	getModTime: Recursive scan of commonfix@mozillaonline.com
1472484943216	DeferredSave.extensions.json	DEBUG	Save changes
1472484943216	DeferredSave.extensions.json	DEBUG	Save changes
1472484943218	addons.xpi	DEBUG	Loading bootstrap scope from C:\Users\ADMINI~1\AppData\Local\Temp\anonymous3773905278256165436webdriver-profile\extensions\commonfix@mozillaonline.com.xpi
1472484943224	addons.xpi	DEBUG	Calling bootstrap method install on commonfix@mozillaonline.com version 0.13
1472484943227	addons.xpi	DEBUG	Install of file:///C:/Program%20Files%20(x86)/Mozilla%20Firefox/distribution/myextensions/commonfix@mozillaonline.com.xpi completed.
1472484943229	addons.xpi	DEBUG	Registering manifest for C:\Users\ADMINI~1\AppData\Local\Temp\anonymous3773905278256165436webdriver-profile\extensions\commonfix@mozillaonline.com.xpi
1472484943231	addons.xpi	DEBUG	Calling bootstrap method startup on commonfix@mozillaonline.com version 0.13
1472484943270	DeferredSave.extensions.json	DEBUG	Starting timer
1472484943288	addons.xpi	DEBUG	removeTemporaryFile: file:///C:/Program%20Files%20(x86)/Mozilla%20Firefox/distribution/myextensions/commonfix@mozillaonline.com.xpi does not own temp file
1472484943512	DeferredSave.extensions.json	DEBUG	Starting write
1472484943618	DeferredSave.extensions.json	DEBUG	Write succeeded

Build info: version: &apos;2.48.2&apos;, revision: &apos;41bccdd&apos;, time: &apos;2015-10-09 19:55:52&apos;
System info: host: &apos;human-PC&apos;, ip: &apos;192.168.0.100&apos;, os.name: &apos;Windows 7&apos;, os.arch: &apos;amd64&apos;, os.version: &apos;6.1&apos;, java.version: &apos;1.7.0_45&apos;
Driver info: driver.version: FirefoxDriver
	at org.openqa.selenium.firefox.internal.NewProfileExtensionConnection.start(NewProfileExtensionConnection.java:118)
	at org.openqa.selenium.firefox.FirefoxDriver.startClient(FirefoxDriver.java:246)
	at org.openqa.selenium.remote.RemoteWebDriver.&lt;init&gt;(RemoteWebDriver.java:114)
	at org.openqa.selenium.firefox.FirefoxDriver.&lt;init&gt;(FirefoxDriver.java:193)
	at org.openqa.selenium.firefox.FirefoxDriver.&lt;init&gt;(FirefoxDriver.java:186)
	at org.openqa.selenium.firefox.FirefoxDriver.&lt;init&gt;(FirefoxDriver.java:104)
	at org.openqa.selenium.remote.server.DefaultDriverProvider.callConstructor(DefaultDriverProvider.java:59)
	at org.openqa.selenium.remote.server.DefaultDriverProvider.newInstance(DefaultDriverProvider.java:53)
	at org.openqa.selenium.remote.server.DefaultDriverFactory.newInstance(DefaultDriverFactory.java:54)
	at org.openqa.selenium.remote.server.DefaultSession$BrowserCreator.call(DefaultSession.java:214)
	at org.openqa.selenium.remote.server.DefaultSession$BrowserCreator.call(DefaultSession.java:1)
	at java.util.concurrent.FutureTask.run(Unknown Source)
	at org.openqa.selenium.remote.server.DefaultSession$1.run(DefaultSession.java:168)
	at java.util.concurrent.ThreadPoolExecutor.runWorker(Unknown Source)
	at java.util.concurrent.ThreadPoolExecutor$Worker.run(Unknown Source)
	at java.lang.Thread.run(Unknown Source)
... Removed 24 stack frames</div></td></tr></table><p class="totop"><a href="#summary">back to summary</a></p><h3 id="m5">com.testseleniumbytestngparameter.TestSeleniumGridByTestNGParameter#afterTest</h3><table class="result"></table><p class="totop"><a href="#summary">back to summary</a></p><h3 id="m6">com.testseleniumbytestngparameter.TestSeleniumGridByTestNGParameter#testSogouSearch1</h3><table class="result"></table><p class="totop"><a href="#summary">back to summary</a></p><h3 id="m7">com.testseleniumbytestngparameter.TestSeleniumGridByTestNGParameter#testSogouSearch2</h3><table class="result"></table><p class="totop"><a href="#summary">back to summary</a></p></body></html>