<?xml version="1.0" encoding="UTF-8"?>
<testng-results skipped="0" failed="0" total="3" passed="3">
  <reporter-output>
  </reporter-output>
  <suite name="Default suite" duration-ms="47121" started-at="2015-12-28T05:13:40Z" finished-at="2015-12-28T05:14:27Z">
    <groups>
    </groups>
    <test name="Default test" duration-ms="47121" started-at="2015-12-28T05:13:40Z" finished-at="2015-12-28T05:14:27Z">
      <class name="cn.gloryroad.TestDataDrivenByExcelFile">
        <test-method status="PASS" signature="beforeMehtod()[pri:0, instance:cn.gloryroad.TestDataDrivenByExcelFile@73ceaf4c]" name="beforeMehtod" is-config="true" duration-ms="6604" started-at="2015-12-28T13:13:41Z" finished-at="2015-12-28T13:13:48Z">
          <reporter-output>
          </reporter-output>
        </test-method> <!-- beforeMehtod -->
        <test-method status="PASS" signature="testSearch(java.lang.String, java.lang.String, java.lang.String)[pri:0, instance:cn.gloryroad.TestDataDrivenByExcelFile@73ceaf4c]" name="testSearch" duration-ms="9807" started-at="2015-12-28T13:13:48Z" data-provider="testData" finished-at="2015-12-28T13:13:57Z">
          <params>
            <param index="0">
              <value>
                <![CDATA[蝙蝠侠]]>
              </value>
            </param>
            <param index="1">
              <value>
                <![CDATA[主演]]>
              </value>
            </param>
            <param index="2">
              <value>
                <![CDATA[迈克尔]]>
              </value>
            </param>
          </params>
          <reporter-output>
          </reporter-output>
        </test-method> <!-- testSearch -->
        <test-method status="PASS" signature="afterMethod()[pri:0, instance:cn.gloryroad.TestDataDrivenByExcelFile@73ceaf4c]" name="afterMethod" is-config="true" duration-ms="1143" started-at="2015-12-28T13:13:57Z" finished-at="2015-12-28T13:13:58Z">
          <reporter-output>
          </reporter-output>
        </test-method> <!-- afterMethod -->
        <test-method status="PASS" signature="beforeMehtod()[pri:0, instance:cn.gloryroad.TestDataDrivenByExcelFile@73ceaf4c]" name="beforeMehtod" is-config="true" duration-ms="4217" started-at="2015-12-28T13:13:58Z" finished-at="2015-12-28T13:14:03Z">
          <reporter-output>
          </reporter-output>
        </test-method> <!-- beforeMehtod -->
        <test-method status="PASS" signature="testSearch(java.lang.String, java.lang.String, java.lang.String)[pri:0, instance:cn.gloryroad.TestDataDrivenByExcelFile@73ceaf4c]" name="testSearch" duration-ms="5782" started-at="2015-12-28T13:14:03Z" data-provider="testData" finished-at="2015-12-28T13:14:08Z">
          <params>
            <param index="0">
              <value>
                <![CDATA[超人]]>
              </value>
            </param>
            <param index="1">
              <value>
                <![CDATA[导演]]>
              </value>
            </param>
            <param index="2">
              <value>
                <![CDATA[唐纳]]>
              </value>
            </param>
          </params>
          <reporter-output>
          </reporter-output>
        </test-method> <!-- testSearch -->
        <test-method status="PASS" signature="afterMethod()[pri:0, instance:cn.gloryroad.TestDataDrivenByExcelFile@73ceaf4c]" name="afterMethod" is-config="true" duration-ms="1441" started-at="2015-12-28T13:14:08Z" finished-at="2015-12-28T13:14:10Z">
          <reporter-output>
          </reporter-output>
        </test-method> <!-- afterMethod -->
        <test-method status="PASS" signature="beforeMehtod()[pri:0, instance:cn.gloryroad.TestDataDrivenByExcelFile@73ceaf4c]" name="beforeMehtod" is-config="true" duration-ms="4350" started-at="2015-12-28T13:14:10Z" finished-at="2015-12-28T13:14:14Z">
          <reporter-output>
          </reporter-output>
        </test-method> <!-- beforeMehtod -->
        <test-method status="PASS" signature="testSearch(java.lang.String, java.lang.String, java.lang.String)[pri:0, instance:cn.gloryroad.TestDataDrivenByExcelFile@73ceaf4c]" name="testSearch" duration-ms="11714" started-at="2015-12-28T13:14:14Z" data-provider="testData" finished-at="2015-12-28T13:14:26Z">
          <params>
            <param index="0">
              <value>
                <![CDATA[生化危机]]>
              </value>
            </param>
            <param index="1">
              <value>
                <![CDATA[编剧]]>
              </value>
            </param>
            <param index="2">
              <value>
                <![CDATA[安德森]]>
              </value>
            </param>
          </params>
          <reporter-output>
          </reporter-output>
        </test-method> <!-- testSearch -->
        <test-method status="PASS" signature="afterMethod()[pri:0, instance:cn.gloryroad.TestDataDrivenByExcelFile@73ceaf4c]" name="afterMethod" is-config="true" duration-ms="1513" started-at="2015-12-28T13:14:26Z" finished-at="2015-12-28T13:14:27Z">
          <reporter-output>
          </reporter-output>
        </test-method> <!-- afterMethod -->
      </class> <!-- cn.gloryroad.TestDataDrivenByExcelFile -->
    </test> <!-- Default test -->
  </suite> <!-- Default suite -->
</testng-results>
