<?xml version="1.0" encoding="UTF-8"?>
<testng-results skipped="0" failed="0" total="1" passed="1">
  <reporter-output>
  </reporter-output>
  <suite name="Default suite" duration-ms="21800" started-at="2015-12-16T05:55:46Z" finished-at="2015-12-16T05:56:08Z">
    <groups>
    </groups>
    <test name="Default test" duration-ms="21800" started-at="2015-12-16T05:55:46Z" finished-at="2015-12-16T05:56:08Z">
      <class name="cn.gloryorad.testScripts.TestMail126Login">
        <test-method status="PASS" signature="beforeclass()[pri:0, instance:cn.gloryorad.testScripts.TestMail126Login@1d7f1f92]" name="beforeclass" is-config="true" duration-ms="770" started-at="2015-12-16T13:55:46Z" finished-at="2015-12-16T13:55:47Z">
          <reporter-output>
          </reporter-output>
        </test-method> <!-- beforeclass -->
        <test-method status="PASS" signature="beforeMethod()[pri:0, instance:cn.gloryorad.testScripts.TestMail126Login@1d7f1f92]" name="beforeMethod" is-config="true" duration-ms="5089" started-at="2015-12-16T13:55:47Z" finished-at="2015-12-16T13:55:52Z">
          <reporter-output>
          </reporter-output>
        </test-method> <!-- beforeMethod -->
        <test-method status="PASS" signature="testMailLogin()[pri:0, instance:cn.gloryorad.testScripts.TestMail126Login@1d7f1f92]" name="testMailLogin" duration-ms="15931" started-at="2015-12-16T13:55:52Z" finished-at="2015-12-16T13:56:08Z">
          <reporter-output>
          </reporter-output>
        </test-method> <!-- testMailLogin -->
        <test-method status="PASS" signature="afterMethod()[pri:0, instance:cn.gloryorad.testScripts.TestMail126Login@1d7f1f92]" name="afterMethod" is-config="true" duration-ms="0" started-at="2015-12-16T13:56:08Z" finished-at="2015-12-16T13:56:08Z">
          <reporter-output>
          </reporter-output>
        </test-method> <!-- afterMethod -->
      </class> <!-- cn.gloryorad.testScripts.TestMail126Login -->
    </test> <!-- Default test -->
  </suite> <!-- Default suite -->
</testng-results>
