<?xml version="1.0" encoding="UTF-8"?>
<testng-results skipped="0" failed="1" total="1" passed="0">
  <reporter-output>
  </reporter-output>
  <suite name="Default suite" duration-ms="10371" started-at="2015-12-15T11:26:13Z" finished-at="2015-12-15T11:26:23Z">
    <groups>
    </groups>
    <test name="Default test" duration-ms="10371" started-at="2015-12-15T11:26:13Z" finished-at="2015-12-15T11:26:23Z">
      <class name="cn.gloryorad.testScripts.TestMail126Login">
        <test-method status="PASS" signature="beforeMethod()[pri:0, instance:cn.gloryorad.testScripts.TestMail126Login@5c2f925d]" name="beforeMethod" is-config="true" duration-ms="5970" started-at="2015-12-15T19:26:13Z" finished-at="2015-12-15T19:26:19Z">
          <reporter-output>
          </reporter-output>
        </test-method> <!-- beforeMethod -->
        <test-method status="FAIL" signature="testMailLogin()[pri:0, instance:cn.gloryorad.testScripts.TestMail126Login@5c2f925d]" name="testMailLogin" duration-ms="3026" started-at="2015-12-15T19:26:19Z" finished-at="2015-12-15T19:26:22Z">
          <exception class="java.lang.NullPointerException">
            <full-stacktrace>
              <![CDATA[java.lang.NullPointerException
	at cn.gloryroad.util.ObjectMap.<init>(ObjectMap.java:15)
	at cn.gloryroad.pageObjects.LoginPage.<init>(LoginPage.java:12)
	at cn.gloryroad.appModules.Login_Action.execute(Login_Action.java:16)
	at cn.gloryorad.testScripts.TestMail126Login.testMailLogin(TestMail126Login.java:30)
	at sun.reflect.NativeMethodAccessorImpl.invoke0(Native Method)
	at sun.reflect.NativeMethodAccessorImpl.invoke(NativeMethodAccessorImpl.java:57)
	at sun.reflect.DelegatingMethodAccessorImpl.invoke(DelegatingMethodAccessorImpl.java:43)
	at java.lang.reflect.Method.invoke(Method.java:606)
	at org.testng.internal.MethodInvocationHelper.invokeMethod(MethodInvocationHelper.java:85)
	at org.testng.internal.Invoker.invokeMethod(Invoker.java:639)
	at org.testng.internal.Invoker.invokeTestMethod(Invoker.java:816)
	at org.testng.internal.Invoker.invokeTestMethods(Invoker.java:1124)
	at org.testng.internal.TestMethodWorker.invokeTestMethods(TestMethodWorker.java:125)
	at org.testng.internal.TestMethodWorker.run(TestMethodWorker.java:108)
	at org.testng.TestRunner.privateRun(TestRunner.java:774)
	at org.testng.TestRunner.run(TestRunner.java:624)
	at org.testng.SuiteRunner.runTest(SuiteRunner.java:359)
	at org.testng.SuiteRunner.runSequentially(SuiteRunner.java:354)
	at org.testng.SuiteRunner.privateRun(SuiteRunner.java:312)
	at org.testng.SuiteRunner.run(SuiteRunner.java:261)
	at org.testng.SuiteRunnerWorker.runSuite(SuiteRunnerWorker.java:52)
	at org.testng.SuiteRunnerWorker.run(SuiteRunnerWorker.java:86)
	at org.testng.TestNG.runSuitesSequentially(TestNG.java:1215)
	at org.testng.TestNG.runSuitesLocally(TestNG.java:1140)
	at org.testng.TestNG.run(TestNG.java:1048)
	at org.testng.remote.RemoteTestNG.run(RemoteTestNG.java:112)
	at org.testng.remote.RemoteTestNG.initAndRun(RemoteTestNG.java:205)
	at org.testng.remote.RemoteTestNG.main(RemoteTestNG.java:176)
]]>
            </full-stacktrace>
          </exception> <!-- java.lang.NullPointerException -->
          <reporter-output>
          </reporter-output>
        </test-method> <!-- testMailLogin -->
        <test-method status="PASS" signature="afterMethod()[pri:0, instance:cn.gloryorad.testScripts.TestMail126Login@5c2f925d]" name="afterMethod" is-config="true" duration-ms="1364" started-at="2015-12-15T19:26:22Z" finished-at="2015-12-15T19:26:23Z">
          <reporter-output>
          </reporter-output>
        </test-method> <!-- afterMethod -->
      </class> <!-- cn.gloryorad.testScripts.TestMail126Login -->
    </test> <!-- Default test -->
  </suite> <!-- Default suite -->
</testng-results>
